0 info it worked if it ends with ok
1 verbose cli [ 'node', '/usr/bin/npm', 'install', 'hogan-js' ]
2 info using npm@1.1.30
3 info using node@v0.8.10
4 verbose node symlink /usr/bin/node
5 verbose config file /Users/jianbin/.npmrc
6 verbose config file /usr/etc/npmrc
7 verbose config file /usr/lib/node_modules/npm/npmrc
8 verbose read json /Users/jianbin/github/j1anb1n/G.js/bin/package.json
9 verbose read json /Users/jianbin/github/j1anb1n/G.js/bin/node_modules/apiserver/package.json
10 verbose read json /Users/jianbin/github/j1anb1n/G.js/bin/node_modules/uglify-js/package.json
11 verbose from cache /Users/jianbin/github/j1anb1n/G.js/bin/package.json
12 verbose readDependencies using package.json deps
13 verbose cache add [ 'hogan-js', null ]
14 silly cache add name=undefined spec="hogan-js" args=["hogan-js",null]
15 verbose parsed url { pathname: 'hogan-js', path: 'hogan-js', href: 'hogan-js' }
16 verbose addNamed [ 'hogan-js', '' ]
17 verbose addNamed [ null, '' ]
18 silly addNameRange { name: 'hogan-js', range: '', hasData: false }
19 verbose url raw hogan-js
20 verbose url resolving [ 'https://registry.npmjs.org/', './hogan-js' ]
21 verbose url resolved https://registry.npmjs.org/hogan-js
22 http GET https://registry.npmjs.org/hogan-js
23 http 404 https://registry.npmjs.org/hogan-js
24 silly registry.get cb [ 404,
24 silly registry.get   { server: 'CouchDB/1.2.0 (Erlang OTP/R15B)',
24 silly registry.get     date: 'Sat, 17 Nov 2012 17:55:21 GMT',
24 silly registry.get     'content-type': 'application/json',
24 silly registry.get     'content-length': '52',
24 silly registry.get     'cache-control': 'must-revalidate' } ]
25 error 404 'hogan-js' is not in the npm registry.
25 error 404 You should bug the author to publish it
25 error 404
25 error 404 Maybe try 'npm search hogan'
25 error 404
25 error 404 Note that you can also install from a
25 error 404 tarball, folder, or http url, or git url.
26 error System Darwin 12.2.0
27 error command "node" "/usr/bin/npm" "install" "hogan-js"
28 error cwd /Users/jianbin/github/j1anb1n/G.js/bin
29 error node -v v0.8.10
30 error npm -v 1.1.30
31 error code E404
32 error message 404 Not Found: hogan-js
33 verbose exit [ 1, true ]
